18:04:53.365 [main] INFO  api.test.UserTest - ***************** Creating User ******************
18:04:55.118 [main] INFO  api.test.UserTest - ***************** User is Created ******************
18:04:55.145 [main] INFO  api.test.UserTest - ***************** Reading User Info ******************
18:04:56.853 [main] INFO  api.test.UserTest - ***************** User Info is Displayed ******************
18:04:56.882 [main] INFO  api.test.UserTest - ***************** Updating User Info ******************
18:05:00.357 [main] INFO  api.test.UserTest - ***************** User is Updated ******************
18:05:00.367 [main] INFO  api.test.UserTest - ***************** Deleting User ******************
18:05:02.158 [main] INFO  api.test.UserTest - ***************** User Deleted ******************
18:06:39.333 [main] INFO  api.test.UserTest - ***************** Creating User ******************
18:06:41.169 [main] INFO  api.test.UserTest - ***************** User is Created ******************
18:06:41.189 [main] INFO  api.test.UserTest - ***************** Reading User Info ******************
18:06:43.047 [main] INFO  api.test.UserTest - ***************** User Info is Displayed ******************
18:06:43.065 [main] INFO  api.test.UserTest - ***************** Updating User Info ******************
18:06:46.706 [main] INFO  api.test.UserTest - ***************** User is Updated ******************
18:06:46.717 [main] INFO  api.test.UserTest - ***************** Deleting User ******************
18:06:49.033 [main] INFO  api.test.UserTest - ***************** User Deleted ******************
18:39:56.891 [main] INFO  api.test.UserTest - ***************** Creating User ******************
18:40:04.304 [main] INFO  api.test.UserTest - ***************** User is Created ******************
18:40:04.385 [main] INFO  api.test.UserTest - ***************** Reading User Info ******************
18:40:06.287 [main] INFO  api.test.UserTest - ***************** User Info is Displayed ******************
18:40:06.312 [main] INFO  api.test.UserTest - ***************** Updating User Info ******************
18:40:09.962 [main] INFO  api.test.UserTest - ***************** User is Updated ******************
18:40:09.990 [main] INFO  api.test.UserTest - ***************** Deleting User ******************
18:40:12.003 [main] INFO  api.test.UserTest - ***************** User Deleted ******************
10:08:41.267 [main] INFO  api.test.UserTest - ***************** Creating User ******************
10:08:43.172 [main] INFO  api.test.UserTest - ***************** User is Created ******************
10:08:43.172 [main] INFO  api.test.UserTest - ***************** Reading User Info ******************
10:08:45.047 [main] INFO  api.test.UserTest - ***************** User Info is Displayed ******************
10:08:45.062 [main] INFO  api.test.UserTest - ***************** Updating User Info ******************
10:08:48.939 [main] INFO  api.test.UserTest - ***************** User is Updated ******************
10:08:48.939 [main] INFO  api.test.UserTest - ***************** Deleting User ******************
10:08:50.813 [main] INFO  api.test.UserTest - ***************** User Deleted ******************
19:34:29.747 [main] INFO  api.test.UserTest - ***************** Creating User ******************
19:34:31.552 [main] INFO  api.test.UserTest - ***************** User is Created ******************
19:34:31.556 [main] INFO  api.test.UserTest - ***************** Reading User Info ******************
19:34:33.321 [main] INFO  api.test.UserTest - ***************** User Info is Displayed ******************
19:34:33.325 [main] INFO  api.test.UserTest - ***************** Updating User Info ******************
19:34:36.904 [main] INFO  api.test.UserTest - ***************** User is Updated ******************
19:34:36.905 [main] INFO  api.test.UserTest - ***************** Deleting User ******************
19:34:38.813 [main] INFO  api.test.UserTest - ***************** User Deleted ******************
